# JRE version: OpenJDK Runtime Environment (8.0_152-b01) (build 1.8.0_152-release-1024-b01)
# Java VM: OpenJDK 64-Bit Server VM (25.152-b01 mixed mode linux-amd64 compressed oops)
Heap:
 PSYoungGen      total 312320K, used 39438K [0x00000000e0000000, 0x00000000f8d80000, 0x0000000100000000)
  eden space 256512K, 0% used [0x00000000e0000000,0x00000000e0000000,0x00000000efa80000)
  from space 55808K, 70% used [0x00000000efa80000,0x00000000f2103980,0x00000000f3100000)
  to   space 53248K, 0% used [0x00000000f3100000,0x00000000f3100000,0x00000000f6500000)
 ParOldGen       total 110080K, used 32282K [0x00000000a0000000, 0x00000000a6b80000, 0x00000000e0000000)
  object space 110080K, 29% used [0x00000000a0000000,0x00000000a1f868e0,0x00000000a6b80000)
 Metaspace       used 59787K, capacity 60948K, committed 61272K, reserved 1103872K
  class space    used 6972K, capacity 7253K, committed 7296K, reserved 1048576K
GC Heap History (10 events):
Event: 2115.083 GC heap after
Heap after GC invocations=12 (full 3):
 PSYoungGen      total 182784K, used 30195K [0x00000000e0000000, 0x00000000f3200000, 0x0000000100000000)
  eden space 152576K, 0% used [0x00000000e0000000,0x00000000e0000000,0x00000000e9500000)
  from space 30208K, 99% used [0x00000000e9500000,0x00000000eb27cf88,0x00000000eb280000)
  to   space 40448K, 0% used [0x00000000f0a80000,0x00000000f0a80000,0x00000000f3200000)
 ParOldGen       total 79872K, used 42617K [0x00000000a0000000, 0x00000000a4e00000, 0x00000000e0000000)
  object space 79872K, 53% used [0x00000000a0000000,0x00000000a299e500,0x00000000a4e00000)
 Metaspace       used 55567K, capacity 56528K, committed 56960K, reserved 1099776K
  class space    used 6746K, capacity 6981K, committed 7040K, reserved 1048576K
}
Event: 2646.019 GC heap before
{Heap before GC invocations=13 (full 3):
 PSYoungGen      total 182784K, used 182771K [0x00000000e0000000, 0x00000000f3200000, 0x0000000100000000)
  eden space 152576K, 100% used [0x00000000e0000000,0x00000000e9500000,0x00000000e9500000)
  from space 30208K, 99% used [0x00000000e9500000,0x00000000eb27cf88,0x00000000eb280000)
  to   space 40448K, 0% used [0x00000000f0a80000,0x00000000f0a80000,0x00000000f3200000)
 ParOldGen       total 79872K, used 42617K [0x00000000a0000000, 0x00000000a4e00000, 0x00000000e0000000)
  object space 79872K, 53% used [0x00000000a0000000,0x00000000a299e500,0x00000000a4e00000)
 Metaspace       used 57416K, capacity 58534K, committed 58880K, reserved 1101824K
  class space    used 6819K, capacity 7098K, committed 7168K, reserved 1048576K
Event: 2646.098 GC heap after
Heap after GC invocations=13 (full 3):
 PSYoungGen      total 232960K, used 38887K [0x00000000e0000000, 0x00000000f3080000, 0x0000000100000000)
  eden space 194048K, 0% used [0x00000000e0000000,0x00000000e0000000,0x00000000ebd80000)
  from space 38912K, 99% used [0x00000000f0a80000,0x00000000f3079cb0,0x00000000f3080000)
  to   space 46592K, 0% used [0x00000000ed580000,0x00000000ed580000,0x00000000f0300000)
 ParOldGen       total 79872K, used 52473K [0x00000000a0000000, 0x00000000a4e00000, 0x00000000e0000000)
  object space 79872K, 65% used [0x00000000a0000000,0x00000000a333e478,0x00000000a4e00000)
 Metaspace       used 57416K, capacity 58534K, committed 58880K, reserved 1101824K
  class space    used 6819K, capacity 7098K, committed 7168K, reserved 1048576K
}
Event: 2646.523 GC heap before
{Heap before GC invocations=14 (full 3):
 PSYoungGen      total 232960K, used 89377K [0x00000000e0000000, 0x00000000f3080000, 0x0000000100000000)
  eden space 194048K, 26% used [0x00000000e0000000,0x00000000e314e878,0x00000000ebd80000)
  from space 38912K, 99% used [0x00000000f0a80000,0x00000000f3079cb0,0x00000000f3080000)
  to   space 46592K, 0% used [0x00000000ed580000,0x00000000ed580000,0x00000000f0300000)
 ParOldGen       total 79872K, used 52473K [0x00000000a0000000, 0x00000000a4e00000, 0x00000000e0000000)
  object space 79872K, 65% used [0x00000000a0000000,0x00000000a333e478,0x00000000a4e00000)
 Metaspace       used 57737K, capacity 58814K, committed 59096K, reserved 1101824K
  class space    used 6843K, capacity 7102K, committed 7168K, reserved 1048576K
Event: 2646.562 GC heap after
Heap after GC invocations=14 (full 3):
 PSYoungGen      total 265216K, used 44047K [0x00000000e0000000, 0x00000000f6500000, 0x0000000100000000)
  eden space 218624K, 0% used [0x00000000e0000000,0x00000000e0000000,0x00000000ed580000)
  from space 46592K, 94% used [0x00000000ed580000,0x00000000f0083db0,0x00000000f0300000)
  to   space 53248K, 0% used [0x00000000f3100000,0x00000000f3100000,0x00000000f6500000)
 ParOldGen       total 79872K, used 52481K [0x00000000a0000000, 0x00000000a4e00000, 0x00000000e0000000)
  object space 79872K, 65% used [0x00000000a0000000,0x00000000a3340478,0x00000000a4e00000)
 Metaspace       used 57737K, capacity 58814K, committed 59096K, reserved 1101824K
  class space    used 6843K, capacity 7102K, committed 7168K, reserved 1048576K
}
Event: 2646.562 GC heap before
{Heap before GC invocations=15 (full 4):
 PSYoungGen      total 265216K, used 44047K [0x00000000e0000000, 0x00000000f6500000, 0x0000000100000000)
  eden space 218624K, 0% used [0x00000000e0000000,0x00000000e0000000,0x00000000ed580000)
  from space 46592K, 94% used [0x00000000ed580000,0x00000000f0083db0,0x00000000f0300000)
  to   space 53248K, 0% used [0x00000000f3100000,0x00000000f3100000,0x00000000f6500000)
 ParOldGen       total 79872K, used 52481K [0x00000000a0000000, 0x00000000a4e00000, 0x00000000e0000000)
  object space 79872K, 65% used [0x00000000a0000000,0x00000000a3340478,0x00000000a4e00000)
 Metaspace       used 57737K, capacity 58814K, committed 59096K, reserved 1101824K
  class space    used 6843K, capacity 7102K, committed 7168K, reserved 1048576K
Event: 2646.671 GC heap after
Heap after GC invocations=15 (full 4):
 PSYoungGen      total 265216K, used 0K [0x00000000e0000000, 0x00000000f6500000, 0x0000000100000000)
  eden space 218624K, 0% used [0x00000000e0000000,0x00000000e0000000,0x00000000ed580000)
  from space 46592K, 0% used [0x00000000ed580000,0x00000000ed580000,0x00000000f0300000)
  to   space 53248K, 0% used [0x00000000f3100000,0x00000000f3100000,0x00000000f6500000)
 ParOldGen       total 110080K, used 32266K [0x00000000a0000000, 0x00000000a6b80000, 0x00000000e0000000)
  object space 110080K, 29% used [0x00000000a0000000,0x00000000a1f828e0,0x00000000a6b80000)
 Metaspace       used 56771K, capacity 57696K, committed 59096K, reserved 1101824K
  class space    used 6718K, capacity 6945K, committed 7168K, reserved 1048576K
}
Event: 3488.400 GC heap before
{Heap before GC invocations=16 (full 4):
 PSYoungGen      total 265216K, used 218624K [0x00000000e0000000, 0x00000000f6500000, 0x0000000100000000)
  eden space 218624K, 100% used [0x00000000e0000000,0x00000000ed580000,0x00000000ed580000)
  from space 46592K, 0% used [0x00000000ed580000,0x00000000ed580000,0x00000000f0300000)
  to   space 53248K, 0% used [0x00000000f3100000,0x00000000f3100000,0x00000000f6500000)
 ParOldGen       total 110080K, used 32266K [0x00000000a0000000, 0x00000000a6b80000, 0x00000000e0000000)
  object space 110080K, 29% used [0x00000000a0000000,0x00000000a1f828e0,0x00000000a6b80000)
 Metaspace       used 58767K, capacity 59856K, committed 60120K, reserved 1101824K
  class space    used 6865K, capacity 7109K, committed 7168K, reserved 1048576K
Event: 3488.467 GC heap after
Heap after GC invocations=16 (full 4):
 PSYoungGen      total 309760K, used 36416K [0x00000000e0000000, 0x00000000f8d80000, 0x0000000100000000)
  eden space 256512K, 0% used [0x00000000e0000000,0x00000000e0000000,0x00000000efa80000)
  from space 53248K, 68% used [0x00000000f3100000,0x00000000f54902c8,0x00000000f6500000)
  to   space 55808K, 0% used [0x00000000efa80000,0x00000000efa80000,0x00000000f3100000)
 ParOldGen       total 110080K, used 32274K [0x00000000a0000000, 0x00000000a6b80000, 0x00000000e0000000)
  object space 110080K, 29% used [0x00000000a0000000,0x00000000a1f848e0,0x00000000a6b80000)
 Metaspace       used 58767K, capacity 59856K, committed 60120K, reserved 1101824K
  class space    used 6865K, capacity 7109K, committed 7168K, reserved 1048576K
}
Event: 3599.051 GC heap before
{Heap before GC invocations=17 (full 4):
 PSYoungGen      total 309760K, used 292928K [0x00000000e0000000, 0x00000000f8d80000, 0x0000000100000000)
  eden space 256512K, 100% used [0x00000000e0000000,0x00000000efa80000,0x00000000efa80000)
  from space 53248K, 68% used [0x00000000f3100000,0x00000000f54902c8,0x00000000f6500000)
  to   space 55808K, 0% used [0x00000000efa80000,0x00000000efa80000,0x00000000f3100000)
 ParOldGen       total 110080K, used 32274K [0x00000000a0000000, 0x00000000a6b80000, 0x00000000e0000000)
  object space 110080K, 29% used [0x00000000a0000000,0x00000000a1f848e0,0x00000000a6b80000)
 Metaspace       used 59787K, capacity 60948K, committed 61272K, reserved 1103872K
  class space    used 6972K, capacity 7253K, committed 7296K, reserved 1048576K

