# JRE version: OpenJDK Runtime Environment (8.0_152-b01) (build 1.8.0_152-release-1024-b01)
# Java VM: OpenJDK 64-Bit Server VM (25.152-b01 mixed mode linux-amd64 compressed oops)
Heap:
 PSYoungGen      total 242688K, used 43203K [0x00000000d7200000, 0x00000000e8e80000, 0x0000000100000000)
  eden space 197120K, 0% used [0x00000000d7200000,0x00000000d7200000,0x00000000e3280000)
  from space 45568K, 94% used [0x00000000e3280000,0x00000000e5cb0c18,0x00000000e5f00000)
  to   space 41984K, 0% used [0x00000000e5f00000,0x00000000e5f00000,0x00000000e8800000)
 ParOldGen       total 112640K, used 70682K [0x0000000085600000, 0x000000008c400000, 0x00000000d7200000)
  object space 112640K, 62% used [0x0000000085600000,0x0000000089b06830,0x000000008c400000)
 Metaspace       used 57341K, capacity 58680K, committed 58840K, reserved 1101824K
  class space    used 6514K, capacity 6803K, committed 6912K, reserved 1048576K
GC Heap History (10 events):
Event: 16.183 GC heap after
Heap after GC invocations=12 (full 2):
 PSYoungGen      total 154112K, used 31218K [0x00000000d7200000, 0x00000000e3f00000, 0x0000000100000000)
  eden space 122880K, 0% used [0x00000000d7200000,0x00000000d7200000,0x00000000dea00000)
  from space 31232K, 99% used [0x00000000e1100000,0x00000000e2f7c9c8,0x00000000e2f80000)
  to   space 39936K, 0% used [0x00000000dea00000,0x00000000dea00000,0x00000000e1100000)
 ParOldGen       total 112640K, used 53157K [0x0000000085600000, 0x000000008c400000, 0x00000000d7200000)
  object space 112640K, 47% used [0x0000000085600000,0x00000000889e9698,0x000000008c400000)
 Metaspace       used 47416K, capacity 48206K, committed 48472K, reserved 1091584K
  class space    used 5722K, capacity 5914K, committed 6016K, reserved 1048576K
}
Event: 18.901 GC heap before
{Heap before GC invocations=13 (full 2):
 PSYoungGen      total 154112K, used 154098K [0x00000000d7200000, 0x00000000e3f00000, 0x0000000100000000)
  eden space 122880K, 100% used [0x00000000d7200000,0x00000000dea00000,0x00000000dea00000)
  from space 31232K, 99% used [0x00000000e1100000,0x00000000e2f7c9c8,0x00000000e2f80000)
  to   space 39936K, 0% used [0x00000000dea00000,0x00000000dea00000,0x00000000e1100000)
 ParOldGen       total 112640K, used 53157K [0x0000000085600000, 0x000000008c400000, 0x00000000d7200000)
  object space 112640K, 47% used [0x0000000085600000,0x00000000889e9698,0x000000008c400000)
 Metaspace       used 48417K, capacity 49258K, committed 49496K, reserved 1093632K
  class space    used 5777K, capacity 5994K, committed 6016K, reserved 1048576K
Event: 18.948 GC heap after
Heap after GC invocations=13 (full 2):
 PSYoungGen      total 162816K, used 20525K [0x00000000d7200000, 0x00000000e5780000, 0x0000000100000000)
  eden space 122880K, 0% used [0x00000000d7200000,0x00000000d7200000,0x00000000dea00000)
  from space 39936K, 51% used [0x00000000dea00000,0x00000000dfe0b628,0x00000000e1100000)
  to   space 38912K, 0% used [0x00000000e3180000,0x00000000e3180000,0x00000000e5780000)
 ParOldGen       total 112640K, used 70650K [0x0000000085600000, 0x000000008c400000, 0x00000000d7200000)
  object space 112640K, 62% used [0x0000000085600000,0x0000000089afe830,0x000000008c400000)
 Metaspace       used 48417K, capacity 49258K, committed 49496K, reserved 1093632K
  class space    used 5777K, capacity 5994K, committed 6016K, reserved 1048576K
}
Event: 20.992 GC heap before
{Heap before GC invocations=14 (full 2):
 PSYoungGen      total 162816K, used 143405K [0x00000000d7200000, 0x00000000e5780000, 0x0000000100000000)
  eden space 122880K, 100% used [0x00000000d7200000,0x00000000dea00000,0x00000000dea00000)
  from space 39936K, 51% used [0x00000000dea00000,0x00000000dfe0b628,0x00000000e1100000)
  to   space 38912K, 0% used [0x00000000e3180000,0x00000000e3180000,0x00000000e5780000)
 ParOldGen       total 112640K, used 70650K [0x0000000085600000, 0x000000008c400000, 0x00000000d7200000)
  object space 112640K, 62% used [0x0000000085600000,0x0000000089afe830,0x000000008c400000)
 Metaspace       used 48740K, capacity 49594K, committed 49752K, reserved 1093632K
  class space    used 5788K, capacity 5996K, committed 6016K, reserved 1048576K
Event: 21.056 GC heap after
Heap after GC invocations=14 (full 2):
 PSYoungGen      total 196096K, used 24479K [0x00000000d7200000, 0x00000000e5880000, 0x0000000100000000)
  eden space 157184K, 0% used [0x00000000d7200000,0x00000000d7200000,0x00000000e0b80000)
  from space 38912K, 62% used [0x00000000e3180000,0x00000000e4967fc0,0x00000000e5780000)
  to   space 38912K, 0% used [0x00000000e0b80000,0x00000000e0b80000,0x00000000e3180000)
 ParOldGen       total 112640K, used 70658K [0x0000000085600000, 0x000000008c400000, 0x00000000d7200000)
  object space 112640K, 62% used [0x0000000085600000,0x0000000089b00830,0x000000008c400000)
 Metaspace       used 48740K, capacity 49594K, committed 49752K, reserved 1093632K
  class space    used 5788K, capacity 5996K, committed 6016K, reserved 1048576K
}
Event: 23.660 GC heap before
{Heap before GC invocations=15 (full 2):
 PSYoungGen      total 196096K, used 181663K [0x00000000d7200000, 0x00000000e5880000, 0x0000000100000000)
  eden space 157184K, 100% used [0x00000000d7200000,0x00000000e0b80000,0x00000000e0b80000)
  from space 38912K, 62% used [0x00000000e3180000,0x00000000e4967fc0,0x00000000e5780000)
  to   space 38912K, 0% used [0x00000000e0b80000,0x00000000e0b80000,0x00000000e3180000)
 ParOldGen       total 112640K, used 70658K [0x0000000085600000, 0x000000008c400000, 0x00000000d7200000)
  object space 112640K, 62% used [0x0000000085600000,0x0000000089b00830,0x000000008c400000)
 Metaspace       used 49874K, capacity 51108K, committed 51288K, reserved 1093632K
  class space    used 5898K, capacity 6179K, committed 6272K, reserved 1048576K
Event: 23.710 GC heap after
Heap after GC invocations=15 (full 2):
 PSYoungGen      total 196096K, used 32158K [0x00000000d7200000, 0x00000000e8800000, 0x0000000100000000)
  eden space 157184K, 0% used [0x00000000d7200000,0x00000000d7200000,0x00000000e0b80000)
  from space 38912K, 82% used [0x00000000e0b80000,0x00000000e2ae7a58,0x00000000e3180000)
  to   space 41984K, 0% used [0x00000000e5f00000,0x00000000e5f00000,0x00000000e8800000)
 ParOldGen       total 112640K, used 70666K [0x0000000085600000, 0x000000008c400000, 0x00000000d7200000)
  object space 112640K, 62% used [0x0000000085600000,0x0000000089b02830,0x000000008c400000)
 Metaspace       used 49874K, capacity 51108K, committed 51288K, reserved 1093632K
  class space    used 5898K, capacity 6179K, committed 6272K, reserved 1048576K
}
Event: 25.734 GC heap before
{Heap before GC invocations=16 (full 2):
 PSYoungGen      total 196096K, used 189342K [0x00000000d7200000, 0x00000000e8800000, 0x0000000100000000)
  eden space 157184K, 100% used [0x00000000d7200000,0x00000000e0b80000,0x00000000e0b80000)
  from space 38912K, 82% used [0x00000000e0b80000,0x00000000e2ae7a58,0x00000000e3180000)
  to   space 41984K, 0% used [0x00000000e5f00000,0x00000000e5f00000,0x00000000e8800000)
 ParOldGen       total 112640K, used 70666K [0x0000000085600000, 0x000000008c400000, 0x00000000d7200000)
  object space 112640K, 62% used [0x0000000085600000,0x0000000089b02830,0x000000008c400000)
 Metaspace       used 50846K, capacity 52060K, committed 52312K, reserved 1095680K
  class space    used 5939K, capacity 6213K, committed 6272K, reserved 1048576K
Event: 25.782 GC heap after
Heap after GC invocations=16 (full 2):
 PSYoungGen      total 239104K, used 35580K [0x00000000d7200000, 0x00000000e8e80000, 0x0000000100000000)
  eden space 197120K, 0% used [0x00000000d7200000,0x00000000d7200000,0x00000000e3280000)
  from space 41984K, 84% used [0x00000000e5f00000,0x00000000e81bf368,0x00000000e8800000)
  to   space 45568K, 0% used [0x00000000e3280000,0x00000000e3280000,0x00000000e5f00000)
 ParOldGen       total 112640K, used 70674K [0x0000000085600000, 0x000000008c400000, 0x00000000d7200000)
  object space 112640K, 62% used [0x0000000085600000,0x0000000089b04830,0x000000008c400000)
 Metaspace       used 50846K, capacity 52060K, committed 52312K, reserved 1095680K
  class space    used 5939K, capacity 6213K, committed 6272K, reserved 1048576K
}
Event: 29.195 GC heap before
{Heap before GC invocations=17 (full 2):
 PSYoungGen      total 239104K, used 232700K [0x00000000d7200000, 0x00000000e8e80000, 0x0000000100000000)
  eden space 197120K, 100% used [0x00000000d7200000,0x00000000e3280000,0x00000000e3280000)
  from space 41984K, 84% used [0x00000000e5f00000,0x00000000e81bf368,0x00000000e8800000)
  to   space 45568K, 0% used [0x00000000e3280000,0x00000000e3280000,0x00000000e5f00000)
 ParOldGen       total 112640K, used 70674K [0x0000000085600000, 0x000000008c400000, 0x00000000d7200000)
  object space 112640K, 62% used [0x0000000085600000,0x0000000089b04830,0x000000008c400000)
 Metaspace       used 57341K, capacity 58680K, committed 58840K, reserved 1101824K
  class space    used 6514K, capacity 6803K, committed 6912K, reserved 1048576K

