# JRE version: OpenJDK Runtime Environment (8.0_152-b01) (build 1.8.0_152-release-1024-b01)
# Java VM: OpenJDK 64-Bit Server VM (25.152-b01 mixed mode linux-amd64 compressed oops)
Heap:
 PSYoungGen      total 307200K, used 11799K [0x00000000d7200000, 0x00000000ec100000, 0x0000000100000000)
  eden space 271360K, 0% used [0x00000000d7200000,0x00000000d7200000,0x00000000e7b00000)
  from space 35840K, 32% used [0x00000000e7b00000,0x00000000e8685dd8,0x00000000e9e00000)
  to   space 30208K, 0% used [0x00000000ea380000,0x00000000ea380000,0x00000000ec100000)
 ParOldGen       total 156160K, used 80143K [0x0000000085600000, 0x000000008ee80000, 0x00000000d7200000)
  object space 156160K, 51% used [0x0000000085600000,0x000000008a443c30,0x000000008ee80000)
 Metaspace       used 56824K, capacity 58152K, committed 58328K, reserved 1101824K
  class space    used 6492K, capacity 6799K, committed 6912K, reserved 1048576K
GC Heap History (10 events):
Event: 8.553 GC heap after
Heap after GC invocations=11 (full 2):
 PSYoungGen      total 170496K, used 21992K [0x00000000d7200000, 0x00000000e7180000, 0x0000000100000000)
  eden space 148480K, 0% used [0x00000000d7200000,0x00000000d7200000,0x00000000e0300000)
  from space 22016K, 99% used [0x00000000e0300000,0x00000000e187a020,0x00000000e1880000)
  to   space 27136K, 0% used [0x00000000e5700000,0x00000000e5700000,0x00000000e7180000)
 ParOldGen       total 91648K, used 34773K [0x0000000085600000, 0x000000008af80000, 0x00000000d7200000)
  object space 91648K, 37% used [0x0000000085600000,0x00000000877f5420,0x000000008af80000)
 Metaspace       used 39851K, capacity 40500K, committed 40792K, reserved 1085440K
  class space    used 4755K, capacity 4923K, committed 4992K, reserved 1048576K
}
Event: 14.068 GC heap before
{Heap before GC invocations=12 (full 2):
 PSYoungGen      total 170496K, used 170472K [0x00000000d7200000, 0x00000000e7180000, 0x0000000100000000)
  eden space 148480K, 100% used [0x00000000d7200000,0x00000000e0300000,0x00000000e0300000)
  from space 22016K, 99% used [0x00000000e0300000,0x00000000e187a020,0x00000000e1880000)
  to   space 27136K, 0% used [0x00000000e5700000,0x00000000e5700000,0x00000000e7180000)
 ParOldGen       total 91648K, used 34773K [0x0000000085600000, 0x000000008af80000, 0x00000000d7200000)
  object space 91648K, 37% used [0x0000000085600000,0x00000000877f5420,0x000000008af80000)
 Metaspace       used 47898K, capacity 48704K, committed 48984K, reserved 1091584K
  class space    used 5744K, capacity 5949K, committed 6016K, reserved 1048576K
Event: 14.147 GC heap after
Heap after GC invocations=12 (full 2):
 PSYoungGen      total 224256K, used 27109K [0x00000000d7200000, 0x00000000e8b00000, 0x0000000100000000)
  eden space 197120K, 0% used [0x00000000d7200000,0x00000000d7200000,0x00000000e3280000)
  from space 27136K, 99% used [0x00000000e5700000,0x00000000e71794d0,0x00000000e7180000)
  to   space 37376K, 0% used [0x00000000e3280000,0x00000000e3280000,0x00000000e5700000)
 ParOldGen       total 91648K, used 52566K [0x0000000085600000, 0x000000008af80000, 0x00000000d7200000)
  object space 91648K, 57% used [0x0000000085600000,0x0000000088955970,0x000000008af80000)
 Metaspace       used 47898K, capacity 48704K, committed 48984K, reserved 1091584K
  class space    used 5744K, capacity 5949K, committed 6016K, reserved 1048576K
}
Event: 19.381 GC heap before
{Heap before GC invocations=13 (full 2):
 PSYoungGen      total 224256K, used 224229K [0x00000000d7200000, 0x00000000e8b00000, 0x0000000100000000)
  eden space 197120K, 100% used [0x00000000d7200000,0x00000000e3280000,0x00000000e3280000)
  from space 27136K, 99% used [0x00000000e5700000,0x00000000e71794d0,0x00000000e7180000)
  to   space 37376K, 0% used [0x00000000e3280000,0x00000000e3280000,0x00000000e5700000)
 ParOldGen       total 91648K, used 52566K [0x0000000085600000, 0x000000008af80000, 0x00000000d7200000)
  object space 91648K, 57% used [0x0000000085600000,0x0000000088955970,0x000000008af80000)
 Metaspace       used 48723K, capacity 49590K, committed 49752K, reserved 1093632K
  class space    used 5784K, capacity 5996K, committed 6016K, reserved 1048576K
Event: 19.428 GC heap after
Heap after GC invocations=13 (full 2):
 PSYoungGen      total 234496K, used 9276K [0x00000000d7200000, 0x00000000ec700000, 0x0000000100000000)
  eden space 197120K, 0% used [0x00000000d7200000,0x00000000d7200000,0x00000000e3280000)
  from space 37376K, 24% used [0x00000000e3280000,0x00000000e3b8f328,0x00000000e5700000)
  to   space 36352K, 0% used [0x00000000ea380000,0x00000000ea380000,0x00000000ec700000)
 ParOldGen       total 91648K, used 76131K [0x0000000085600000, 0x000000008af80000, 0x00000000d7200000)
  object space 91648K, 83% used [0x0000000085600000,0x000000008a058cc8,0x000000008af80000)
 Metaspace       used 48723K, capacity 49590K, committed 49752K, reserved 1093632K
  class space    used 5784K, capacity 5996K, committed 6016K, reserved 1048576K
}
Event: 19.429 GC heap before
{Heap before GC invocations=14 (full 3):
 PSYoungGen      total 234496K, used 9276K [0x00000000d7200000, 0x00000000ec700000, 0x0000000100000000)
  eden space 197120K, 0% used [0x00000000d7200000,0x00000000d7200000,0x00000000e3280000)
  from space 37376K, 24% used [0x00000000e3280000,0x00000000e3b8f328,0x00000000e5700000)
  to   space 36352K, 0% used [0x00000000ea380000,0x00000000ea380000,0x00000000ec700000)
 ParOldGen       total 91648K, used 76131K [0x0000000085600000, 0x000000008af80000, 0x00000000d7200000)
  object space 91648K, 83% used [0x0000000085600000,0x000000008a058cc8,0x000000008af80000)
 Metaspace       used 48723K, capacity 49590K, committed 49752K, reserved 1093632K
  class space    used 5784K, capacity 5996K, committed 6016K, reserved 1048576K
Event: 19.759 GC heap after
Heap after GC invocations=14 (full 3):
 PSYoungGen      total 234496K, used 0K [0x00000000d7200000, 0x00000000ec700000, 0x0000000100000000)
  eden space 197120K, 0% used [0x00000000d7200000,0x00000000d7200000,0x00000000e3280000)
  from space 37376K, 0% used [0x00000000e3280000,0x00000000e3280000,0x00000000e5700000)
  to   space 36352K, 0% used [0x00000000ea380000,0x00000000ea380000,0x00000000ec700000)
 ParOldGen       total 156160K, used 71459K [0x0000000085600000, 0x000000008ee80000, 0x00000000d7200000)
  object space 156160K, 45% used [0x0000000085600000,0x0000000089bc8c00,0x000000008ee80000)
 Metaspace       used 48723K, capacity 49590K, committed 49752K, reserved 1093632K
  class space    used 5784K, capacity 5996K, committed 6016K, reserved 1048576K
}
Event: 23.834 GC heap before
{Heap before GC invocations=15 (full 3):
 PSYoungGen      total 234496K, used 197120K [0x00000000d7200000, 0x00000000ec700000, 0x0000000100000000)
  eden space 197120K, 100% used [0x00000000d7200000,0x00000000e3280000,0x00000000e3280000)
  from space 37376K, 0% used [0x00000000e3280000,0x00000000e3280000,0x00000000e5700000)
  to   space 36352K, 0% used [0x00000000ea380000,0x00000000ea380000,0x00000000ec700000)
 ParOldGen       total 156160K, used 71459K [0x0000000085600000, 0x000000008ee80000, 0x00000000d7200000)
  object space 156160K, 45% used [0x0000000085600000,0x0000000089bc8c00,0x000000008ee80000)
 Metaspace       used 49920K, capacity 51112K, committed 51288K, reserved 1093632K
  class space    used 5895K, capacity 6179K, committed 6272K, reserved 1048576K
Event: 23.903 GC heap after
Heap after GC invocations=15 (full 3):
 PSYoungGen      total 301568K, used 9647K [0x00000000d7200000, 0x00000000ec100000, 0x0000000100000000)
  eden space 271360K, 0% used [0x00000000d7200000,0x00000000d7200000,0x00000000e7b00000)
  from space 30208K, 31% used [0x00000000ea380000,0x00000000eacebec0,0x00000000ec100000)
  to   space 35840K, 0% used [0x00000000e7b00000,0x00000000e7b00000,0x00000000e9e00000)
 ParOldGen       total 156160K, used 71467K [0x0000000085600000, 0x000000008ee80000, 0x00000000d7200000)
  object space 156160K, 45% used [0x0000000085600000,0x0000000089bcac00,0x000000008ee80000)
 Metaspace       used 49920K, capacity 51112K, committed 51288K, reserved 1093632K
  class space    used 5895K, capacity 6179K, committed 6272K, reserved 1048576K
}
Event: 30.149 GC heap before
{Heap before GC invocations=16 (full 3):
 PSYoungGen      total 301568K, used 281007K [0x00000000d7200000, 0x00000000ec100000, 0x0000000100000000)
  eden space 271360K, 100% used [0x00000000d7200000,0x00000000e7b00000,0x00000000e7b00000)
  from space 30208K, 31% used [0x00000000ea380000,0x00000000eacebec0,0x00000000ec100000)
  to   space 35840K, 0% used [0x00000000e7b00000,0x00000000e7b00000,0x00000000e9e00000)
 ParOldGen       total 156160K, used 71467K [0x0000000085600000, 0x000000008ee80000, 0x00000000d7200000)
  object space 156160K, 45% used [0x0000000085600000,0x0000000089bcac00,0x000000008ee80000)
 Metaspace       used 56824K, capacity 58152K, committed 58328K, reserved 1101824K
  class space    used 6492K, capacity 6799K, committed 6912K, reserved 1048576K

