# JRE version: OpenJDK Runtime Environment (8.0_152-b01) (build 1.8.0_152-release-1024-b01)
# Java VM: OpenJDK 64-Bit Server VM (25.152-b01 mixed mode linux-amd64 compressed oops)
Heap:
 PSYoungGen      total 272896K, used 0K [0x00000000d7200000, 0x00000000ea080000, 0x0000000100000000)
  eden space 245248K, 0% used [0x00000000d7200000,0x00000000d7200000,0x00000000e6180000)
  from space 27648K, 0% used [0x00000000e8580000,0x00000000e8580000,0x00000000ea080000)
  to   space 32256K, 0% used [0x00000000e6180000,0x00000000e6180000,0x00000000e8100000)
 ParOldGen       total 88064K, used 73591K [0x0000000085600000, 0x000000008ac00000, 0x00000000d7200000)
  object space 88064K, 83% used [0x0000000085600000,0x0000000089ddde28,0x000000008ac00000)
 Metaspace       used 48820K, capacity 49668K, committed 49752K, reserved 1093632K
  class space    used 5789K, capacity 5997K, committed 6016K, reserved 1048576K
GC Heap History (10 events):
Event: 9.701 GC heap after
Heap after GC invocations=10 (full 2):
 PSYoungGen      total 134656K, used 15899K [0x00000000d7200000, 0x00000000e0d80000, 0x0000000100000000)
  eden space 117248K, 0% used [0x00000000d7200000,0x00000000d7200000,0x00000000de480000)
  from space 17408K, 91% used [0x00000000dfc80000,0x00000000e0c06d50,0x00000000e0d80000)
  to   space 20992K, 0% used [0x00000000de480000,0x00000000de480000,0x00000000df900000)
 ParOldGen       total 88064K, used 24049K [0x0000000085600000, 0x000000008ac00000, 0x00000000d7200000)
  object space 88064K, 27% used [0x0000000085600000,0x0000000086d7c7c8,0x000000008ac00000)
 Metaspace       used 38147K, capacity 38780K, committed 39000K, reserved 1083392K
  class space    used 4568K, capacity 4719K, committed 4736K, reserved 1048576K
}
Event: 10.966 GC heap before
{Heap before GC invocations=11 (full 2):
 PSYoungGen      total 134656K, used 133147K [0x00000000d7200000, 0x00000000e0d80000, 0x0000000100000000)
  eden space 117248K, 100% used [0x00000000d7200000,0x00000000de480000,0x00000000de480000)
  from space 17408K, 91% used [0x00000000dfc80000,0x00000000e0c06d50,0x00000000e0d80000)
  to   space 20992K, 0% used [0x00000000de480000,0x00000000de480000,0x00000000df900000)
 ParOldGen       total 88064K, used 24049K [0x0000000085600000, 0x000000008ac00000, 0x00000000d7200000)
  object space 88064K, 27% used [0x0000000085600000,0x0000000086d7c7c8,0x000000008ac00000)
 Metaspace       used 39075K, capacity 39650K, committed 39896K, reserved 1085440K
  class space    used 4647K, capacity 4792K, committed 4864K, reserved 1048576K
Event: 11.008 GC heap after
Heap after GC invocations=11 (full 2):
 PSYoungGen      total 138240K, used 20968K [0x00000000d7200000, 0x00000000e5300000, 0x0000000100000000)
  eden space 117248K, 0% used [0x00000000d7200000,0x00000000d7200000,0x00000000de480000)
  from space 20992K, 99% used [0x00000000de480000,0x00000000df8fa010,0x00000000df900000)
  to   space 26624K, 0% used [0x00000000e3900000,0x00000000e3900000,0x00000000e5300000)
 ParOldGen       total 88064K, used 30625K [0x0000000085600000, 0x000000008ac00000, 0x00000000d7200000)
  object space 88064K, 34% used [0x0000000085600000,0x00000000873e8798,0x000000008ac00000)
 Metaspace       used 39075K, capacity 39650K, committed 39896K, reserved 1085440K
  class space    used 4647K, capacity 4792K, committed 4864K, reserved 1048576K
}
Event: 14.293 GC heap before
{Heap before GC invocations=12 (full 2):
 PSYoungGen      total 138240K, used 138216K [0x00000000d7200000, 0x00000000e5300000, 0x0000000100000000)
  eden space 117248K, 100% used [0x00000000d7200000,0x00000000de480000,0x00000000de480000)
  from space 20992K, 99% used [0x00000000de480000,0x00000000df8fa010,0x00000000df900000)
  to   space 26624K, 0% used [0x00000000e3900000,0x00000000e3900000,0x00000000e5300000)
 ParOldGen       total 88064K, used 30625K [0x0000000085600000, 0x000000008ac00000, 0x00000000d7200000)
  object space 88064K, 34% used [0x0000000085600000,0x00000000873e8798,0x000000008ac00000)
 Metaspace       used 46074K, capacity 46828K, committed 47064K, reserved 1091584K
  class space    used 5605K, capacity 5805K, committed 5888K, reserved 1048576K
Event: 14.357 GC heap after
Heap after GC invocations=12 (full 2):
 PSYoungGen      total 196608K, used 26614K [0x00000000d7200000, 0x00000000e5e80000, 0x0000000100000000)
  eden space 169984K, 0% used [0x00000000d7200000,0x00000000d7200000,0x00000000e1800000)
  from space 26624K, 99% used [0x00000000e3900000,0x00000000e52fdb08,0x00000000e5300000)
  to   space 33792K, 0% used [0x00000000e1800000,0x00000000e1800000,0x00000000e3900000)
 ParOldGen       total 88064K, used 41074K [0x0000000085600000, 0x000000008ac00000, 0x00000000d7200000)
  object space 88064K, 46% used [0x0000000085600000,0x0000000087e1c908,0x000000008ac00000)
 Metaspace       used 46074K, capacity 46828K, committed 47064K, reserved 1091584K
  class space    used 5605K, capacity 5805K, committed 5888K, reserved 1048576K
}
Event: 19.834 GC heap before
{Heap before GC invocations=13 (full 2):
 PSYoungGen      total 196608K, used 196598K [0x00000000d7200000, 0x00000000e5e80000, 0x0000000100000000)
  eden space 169984K, 100% used [0x00000000d7200000,0x00000000e1800000,0x00000000e1800000)
  from space 26624K, 99% used [0x00000000e3900000,0x00000000e52fdb08,0x00000000e5300000)
  to   space 33792K, 0% used [0x00000000e1800000,0x00000000e1800000,0x00000000e3900000)
 ParOldGen       total 88064K, used 41074K [0x0000000085600000, 0x000000008ac00000, 0x00000000d7200000)
  object space 88064K, 46% used [0x0000000085600000,0x0000000087e1c908,0x000000008ac00000)
 Metaspace       used 48449K, capacity 49322K, committed 49496K, reserved 1093632K
  class space    used 5777K, capacity 5994K, committed 6016K, reserved 1048576K
Event: 19.983 GC heap after
Heap after GC invocations=13 (full 2):
 PSYoungGen      total 203776K, used 13317K [0x00000000d7200000, 0x00000000ea500000, 0x0000000100000000)
  eden space 169984K, 0% used [0x00000000d7200000,0x00000000d7200000,0x00000000e1800000)
  from space 33792K, 39% used [0x00000000e1800000,0x00000000e2501428,0x00000000e3900000)
  to   space 32256K, 0% used [0x00000000e8580000,0x00000000e8580000,0x00000000ea500000)
 ParOldGen       total 88064K, used 62309K [0x0000000085600000, 0x000000008ac00000, 0x00000000d7200000)
  object space 88064K, 70% used [0x0000000085600000,0x00000000892d94b8,0x000000008ac00000)
 Metaspace       used 48449K, capacity 49322K, committed 49496K, reserved 1093632K
  class space    used 5777K, capacity 5994K, committed 6016K, reserved 1048576K
}
Event: 23.371 GC heap before
{Heap before GC invocations=14 (full 2):
 PSYoungGen      total 203776K, used 183301K [0x00000000d7200000, 0x00000000ea500000, 0x0000000100000000)
  eden space 169984K, 100% used [0x00000000d7200000,0x00000000e1800000,0x00000000e1800000)
  from space 33792K, 39% used [0x00000000e1800000,0x00000000e2501428,0x00000000e3900000)
  to   space 32256K, 0% used [0x00000000e8580000,0x00000000e8580000,0x00000000ea500000)
 ParOldGen       total 88064K, used 62309K [0x0000000085600000, 0x000000008ac00000, 0x00000000d7200000)
  object space 88064K, 70% used [0x0000000085600000,0x00000000892d94b8,0x000000008ac00000)
 Metaspace       used 48820K, capacity 49668K, committed 49752K, reserved 1093632K
  class space    used 5789K, capacity 5997K, committed 6016K, reserved 1048576K
Event: 23.472 GC heap after
Heap after GC invocations=14 (full 2):
 PSYoungGen      total 272896K, used 6757K [0x00000000d7200000, 0x00000000ea080000, 0x0000000100000000)
  eden space 245248K, 0% used [0x00000000d7200000,0x00000000d7200000,0x00000000e6180000)
  from space 27648K, 24% used [0x00000000e8580000,0x00000000e8c19638,0x00000000ea080000)
  to   space 32256K, 0% used [0x00000000e6180000,0x00000000e6180000,0x00000000e8100000)
 ParOldGen       total 88064K, used 72677K [0x0000000085600000, 0x000000008ac00000, 0x00000000d7200000)
  object space 88064K, 82% used [0x0000000085600000,0x0000000089cf9608,0x000000008ac00000)
 Metaspace       used 48820K, capacity 49668K, committed 49752K, reserved 1093632K
  class space    used 5789K, capacity 5997K, committed 6016K, reserved 1048576K
}
Event: 23.503 GC heap before
{Heap before GC invocations=15 (full 3):
 PSYoungGen      total 272896K, used 6757K [0x00000000d7200000, 0x00000000ea080000, 0x0000000100000000)
  eden space 245248K, 0% used [0x00000000d7200000,0x00000000d7200000,0x00000000e6180000)
  from space 27648K, 24% used [0x00000000e8580000,0x00000000e8c19638,0x00000000ea080000)
  to   space 32256K, 0% used [0x00000000e6180000,0x00000000e6180000,0x00000000e8100000)
 ParOldGen       total 88064K, used 72677K [0x0000000085600000, 0x000000008ac00000, 0x00000000d7200000)
  object space 88064K, 82% used [0x0000000085600000,0x0000000089cf9608,0x000000008ac00000)
 Metaspace       used 48820K, capacity 49668K, committed 49752K, reserved 1093632K
  class space    used 5789K, capacity 5997K, committed 6016K, reserved 1048576K

