# JRE version: OpenJDK Runtime Environment (8.0_152-b01) (build 1.8.0_152-release-1024-b01)
# Java VM: OpenJDK 64-Bit Server VM (25.152-b01 mixed mode linux-amd64 compressed oops)
Heap:
 PSYoungGen      total 283136K, used 47011K [0x00000000e0000000, 0x00000000f5d00000, 0x0000000100000000)
  eden space 234496K, 0% used [0x00000000e0000000,0x00000000e0000000,0x00000000ee500000)
  from space 48640K, 96% used [0x00000000ee500000,0x00000000f12e8f88,0x00000000f1480000)
  to   space 45056K, 0% used [0x00000000f1480000,0x00000000f1480000,0x00000000f4080000)
 ParOldGen       total 92160K, used 57994K [0x00000000a0000000, 0x00000000a5a00000, 0x00000000e0000000)
  object space 92160K, 62% used [0x00000000a0000000,0x00000000a38a2930,0x00000000a5a00000)
 Metaspace       used 57786K, capacity 59076K, committed 59096K, reserved 1101824K
  class space    used 6726K, capacity 7023K, committed 7040K, reserved 1048576K
GC Heap History (10 events):
Event: 6.767 GC heap after
Heap after GC invocations=11 (full 3):
 PSYoungGen      total 165888K, used 24042K [0x00000000e0000000, 0x00000000ecd80000, 0x0000000100000000)
  eden space 141824K, 0% used [0x00000000e0000000,0x00000000e0000000,0x00000000e8a80000)
  from space 24064K, 99% used [0x00000000ea800000,0x00000000ebf7aa20,0x00000000ebf80000)
  to   space 30208K, 0% used [0x00000000e8a80000,0x00000000e8a80000,0x00000000ea800000)
 ParOldGen       total 92160K, used 27234K [0x00000000a0000000, 0x00000000a5a00000, 0x00000000e0000000)
  object space 92160K, 29% used [0x00000000a0000000,0x00000000a1a98ac8,0x00000000a5a00000)
 Metaspace       used 41993K, capacity 42646K, committed 42880K, reserved 1087488K
  class space    used 5029K, capacity 5208K, committed 5248K, reserved 1048576K
}
Event: 9.005 GC heap before
{Heap before GC invocations=12 (full 3):
 PSYoungGen      total 165888K, used 165866K [0x00000000e0000000, 0x00000000ecd80000, 0x0000000100000000)
  eden space 141824K, 100% used [0x00000000e0000000,0x00000000e8a80000,0x00000000e8a80000)
  from space 24064K, 99% used [0x00000000ea800000,0x00000000ebf7aa20,0x00000000ebf80000)
  to   space 30208K, 0% used [0x00000000e8a80000,0x00000000e8a80000,0x00000000ea800000)
 ParOldGen       total 92160K, used 27234K [0x00000000a0000000, 0x00000000a5a00000, 0x00000000e0000000)
  object space 92160K, 29% used [0x00000000a0000000,0x00000000a1a98ac8,0x00000000a5a00000)
 Metaspace       used 47707K, capacity 48548K, committed 48768K, reserved 1091584K
  class space    used 5764K, capacity 5991K, committed 6016K, reserved 1048576K
Event: 9.044 GC heap after
Heap after GC invocations=12 (full 3):
 PSYoungGen      total 172032K, used 30197K [0x00000000e0000000, 0x00000000f2180000, 0x0000000100000000)
  eden space 141824K, 0% used [0x00000000e0000000,0x00000000e0000000,0x00000000e8a80000)
  from space 30208K, 99% used [0x00000000e8a80000,0x00000000ea7fd418,0x00000000ea800000)
  to   space 39424K, 0% used [0x00000000efb00000,0x00000000efb00000,0x00000000f2180000)
 ParOldGen       total 92160K, used 37874K [0x00000000a0000000, 0x00000000a5a00000, 0x00000000e0000000)
  object space 92160K, 41% used [0x00000000a0000000,0x00000000a24fcb00,0x00000000a5a00000)
 Metaspace       used 47707K, capacity 48548K, committed 48768K, reserved 1091584K
  class space    used 5764K, capacity 5991K, committed 6016K, reserved 1048576K
}
Event: 11.817 GC heap before
{Heap before GC invocations=13 (full 3):
 PSYoungGen      total 172032K, used 172021K [0x00000000e0000000, 0x00000000f2180000, 0x0000000100000000)
  eden space 141824K, 100% used [0x00000000e0000000,0x00000000e8a80000,0x00000000e8a80000)
  from space 30208K, 99% used [0x00000000e8a80000,0x00000000ea7fd418,0x00000000ea800000)
  to   space 39424K, 0% used [0x00000000efb00000,0x00000000efb00000,0x00000000f2180000)
 ParOldGen       total 92160K, used 37874K [0x00000000a0000000, 0x00000000a5a00000, 0x00000000e0000000)
  object space 92160K, 41% used [0x00000000a0000000,0x00000000a24fcb00,0x00000000a5a00000)
 Metaspace       used 51365K, capacity 52314K, committed 52608K, reserved 1095680K
  class space    used 6177K, capacity 6408K, committed 6528K, reserved 1048576K
Event: 11.871 GC heap after
Heap after GC invocations=13 (full 3):
 PSYoungGen      total 220160K, used 34896K [0x00000000e0000000, 0x00000000f1d80000, 0x0000000100000000)
  eden space 184832K, 0% used [0x00000000e0000000,0x00000000e0000000,0x00000000eb480000)
  from space 35328K, 98% used [0x00000000efb00000,0x00000000f1d14328,0x00000000f1d80000)
  to   space 44032K, 0% used [0x00000000ec780000,0x00000000ec780000,0x00000000ef280000)
 ParOldGen       total 92160K, used 46886K [0x00000000a0000000, 0x00000000a5a00000, 0x00000000e0000000)
  object space 92160K, 50% used [0x00000000a0000000,0x00000000a2dc9920,0x00000000a5a00000)
 Metaspace       used 51365K, capacity 52314K, committed 52608K, reserved 1095680K
  class space    used 6177K, capacity 6408K, committed 6528K, reserved 1048576K
}
Event: 15.178 GC heap before
{Heap before GC invocations=14 (full 3):
 PSYoungGen      total 220160K, used 219728K [0x00000000e0000000, 0x00000000f1d80000, 0x0000000100000000)
  eden space 184832K, 100% used [0x00000000e0000000,0x00000000eb480000,0x00000000eb480000)
  from space 35328K, 98% used [0x00000000efb00000,0x00000000f1d14328,0x00000000f1d80000)
  to   space 44032K, 0% used [0x00000000ec780000,0x00000000ec780000,0x00000000ef280000)
 ParOldGen       total 92160K, used 46886K [0x00000000a0000000, 0x00000000a5a00000, 0x00000000e0000000)
  object space 92160K, 50% used [0x00000000a0000000,0x00000000a2dc9920,0x00000000a5a00000)
 Metaspace       used 51960K, capacity 52880K, committed 53120K, reserved 1095680K
  class space    used 6203K, capacity 6445K, committed 6528K, reserved 1048576K
Event: 15.244 GC heap after
Heap after GC invocations=14 (full 3):
 PSYoungGen      total 248320K, used 27083K [0x00000000e0000000, 0x00000000f4080000, 0x0000000100000000)
  eden space 204288K, 0% used [0x00000000e0000000,0x00000000e0000000,0x00000000ec780000)
  from space 44032K, 61% used [0x00000000ec780000,0x00000000ee1f2c58,0x00000000ef280000)
  to   space 45056K, 0% used [0x00000000f1480000,0x00000000f1480000,0x00000000f4080000)
 ParOldGen       total 92160K, used 57978K [0x00000000a0000000, 0x00000000a5a00000, 0x00000000e0000000)
  object space 92160K, 62% used [0x00000000a0000000,0x00000000a389e930,0x00000000a5a00000)
 Metaspace       used 51960K, capacity 52880K, committed 53120K, reserved 1095680K
  class space    used 6203K, capacity 6445K, committed 6528K, reserved 1048576K
}
Event: 18.747 GC heap before
{Heap before GC invocations=15 (full 3):
 PSYoungGen      total 248320K, used 231371K [0x00000000e0000000, 0x00000000f4080000, 0x0000000100000000)
  eden space 204288K, 100% used [0x00000000e0000000,0x00000000ec780000,0x00000000ec780000)
  from space 44032K, 61% used [0x00000000ec780000,0x00000000ee1f2c58,0x00000000ef280000)
  to   space 45056K, 0% used [0x00000000f1480000,0x00000000f1480000,0x00000000f4080000)
 ParOldGen       total 92160K, used 57978K [0x00000000a0000000, 0x00000000a5a00000, 0x00000000e0000000)
  object space 92160K, 62% used [0x00000000a0000000,0x00000000a389e930,0x00000000a5a00000)
 Metaspace       used 53148K, capacity 54436K, committed 54528K, reserved 1097728K
  class space    used 6300K, capacity 6595K, committed 6656K, reserved 1048576K
Event: 18.816 GC heap after
Heap after GC invocations=15 (full 3):
 PSYoungGen      total 279552K, used 35650K [0x00000000e0000000, 0x00000000f5d00000, 0x0000000100000000)
  eden space 234496K, 0% used [0x00000000e0000000,0x00000000e0000000,0x00000000ee500000)
  from space 45056K, 79% used [0x00000000f1480000,0x00000000f3750b68,0x00000000f4080000)
  to   space 48640K, 0% used [0x00000000ee500000,0x00000000ee500000,0x00000000f1480000)
 ParOldGen       total 92160K, used 57986K [0x00000000a0000000, 0x00000000a5a00000, 0x00000000e0000000)
  object space 92160K, 62% used [0x00000000a0000000,0x00000000a38a0930,0x00000000a5a00000)
 Metaspace       used 53148K, capacity 54436K, committed 54528K, reserved 1097728K
  class space    used 6300K, capacity 6595K, committed 6656K, reserved 1048576K
}
Event: 23.720 GC heap before
{Heap before GC invocations=16 (full 3):
 PSYoungGen      total 279552K, used 248771K [0x00000000e0000000, 0x00000000f5d00000, 0x0000000100000000)
  eden space 234496K, 90% used [0x00000000e0000000,0x00000000ed020300,0x00000000ee500000)
  from space 45056K, 79% used [0x00000000f1480000,0x00000000f3750b68,0x00000000f4080000)
  to   space 48640K, 0% used [0x00000000ee500000,0x00000000ee500000,0x00000000f1480000)
 ParOldGen       total 92160K, used 57986K [0x00000000a0000000, 0x00000000a5a00000, 0x00000000e0000000)
  object space 92160K, 62% used [0x00000000a0000000,0x00000000a38a0930,0x00000000a5a00000)
 Metaspace       used 57786K, capacity 59076K, committed 59096K, reserved 1101824K
  class space    used 6726K, capacity 7023K, committed 7040K, reserved 1048576K

