# JRE version: OpenJDK Runtime Environment (8.0_152-b01) (build 1.8.0_152-release-1024-b01)
# Java VM: OpenJDK 64-Bit Server VM (25.152-b01 mixed mode linux-amd64 compressed oops)
Heap:
 PSYoungGen      total 221184K, used 46991K [0x00000000e0000000, 0x00000000f1100000, 0x0000000100000000)
  eden space 167936K, 0% used [0x00000000e0000000,0x00000000e0000000,0x00000000ea400000)
  from space 53248K, 88% used [0x00000000ea400000,0x00000000ed1e3ec0,0x00000000ed800000)
  to   space 48640K, 0% used [0x00000000ed800000,0x00000000ed800000,0x00000000f0780000)
 ParOldGen       total 113152K, used 48336K [0x00000000a0000000, 0x00000000a6e80000, 0x00000000e0000000)
  object space 113152K, 42% used [0x00000000a0000000,0x00000000a2f34160,0x00000000a6e80000)
 Metaspace       used 52956K, capacity 54226K, committed 54528K, reserved 1097728K
  class space    used 6303K, capacity 6594K, committed 6656K, reserved 1048576K
GC Heap History (10 events):
Event: 8.835 GC heap after
Heap after GC invocations=11 (full 3):
 PSYoungGen      total 129024K, used 23018K [0x00000000e0000000, 0x00000000ea480000, 0x0000000100000000)
  eden space 105984K, 0% used [0x00000000e0000000,0x00000000e0000000,0x00000000e6780000)
  from space 23040K, 99% used [0x00000000e8300000,0x00000000e997aa30,0x00000000e9980000)
  to   space 28160K, 0% used [0x00000000e6780000,0x00000000e6780000,0x00000000e8300000)
 ParOldGen       total 113152K, used 25607K [0x00000000a0000000, 0x00000000a6e80000, 0x00000000e0000000)
  object space 113152K, 22% used [0x00000000a0000000,0x00000000a1901ed0,0x00000000a6e80000)
 Metaspace       used 42058K, capacity 42706K, committed 42880K, reserved 1087488K
  class space    used 5028K, capacity 5208K, committed 5248K, reserved 1048576K
}
Event: 9.916 GC heap before
{Heap before GC invocations=12 (full 3):
 PSYoungGen      total 129024K, used 129002K [0x00000000e0000000, 0x00000000ea480000, 0x0000000100000000)
  eden space 105984K, 100% used [0x00000000e0000000,0x00000000e6780000,0x00000000e6780000)
  from space 23040K, 99% used [0x00000000e8300000,0x00000000e997aa30,0x00000000e9980000)
  to   space 28160K, 0% used [0x00000000e6780000,0x00000000e6780000,0x00000000e8300000)
 ParOldGen       total 113152K, used 25607K [0x00000000a0000000, 0x00000000a6e80000, 0x00000000e0000000)
  object space 113152K, 22% used [0x00000000a0000000,0x00000000a1901ed0,0x00000000a6e80000)
 Metaspace       used 43165K, capacity 43894K, committed 44032K, reserved 1087488K
  class space    used 5171K, capacity 5342K, committed 5376K, reserved 1048576K
Event: 9.966 GC heap after
Heap after GC invocations=12 (full 3):
 PSYoungGen      total 134144K, used 28141K [0x00000000e0000000, 0x00000000eda80000, 0x0000000100000000)
  eden space 105984K, 0% used [0x00000000e0000000,0x00000000e0000000,0x00000000e6780000)
  from space 28160K, 99% used [0x00000000e6780000,0x00000000e82fb7a8,0x00000000e8300000)
  to   space 34304K, 0% used [0x00000000eb900000,0x00000000eb900000,0x00000000eda80000)
 ParOldGen       total 113152K, used 29469K [0x00000000a0000000, 0x00000000a6e80000, 0x00000000e0000000)
  object space 113152K, 26% used [0x00000000a0000000,0x00000000a1cc7470,0x00000000a6e80000)
 Metaspace       used 43165K, capacity 43894K, committed 44032K, reserved 1087488K
  class space    used 5171K, capacity 5342K, committed 5376K, reserved 1048576K
}
Event: 12.905 GC heap before
{Heap before GC invocations=13 (full 3):
 PSYoungGen      total 134144K, used 134125K [0x00000000e0000000, 0x00000000eda80000, 0x0000000100000000)
  eden space 105984K, 100% used [0x00000000e0000000,0x00000000e6780000,0x00000000e6780000)
  from space 28160K, 99% used [0x00000000e6780000,0x00000000e82fb7a8,0x00000000e8300000)
  to   space 34304K, 0% used [0x00000000eb900000,0x00000000eb900000,0x00000000eda80000)
 ParOldGen       total 113152K, used 29469K [0x00000000a0000000, 0x00000000a6e80000, 0x00000000e0000000)
  object space 113152K, 26% used [0x00000000a0000000,0x00000000a1cc7470,0x00000000a6e80000)
 Metaspace       used 49788K, capacity 50666K, committed 50816K, reserved 1093632K
  class space    used 6040K, capacity 6260K, committed 6272K, reserved 1048576K
Event: 12.982 GC heap after
Heap after GC invocations=13 (full 3):
 PSYoungGen      total 169984K, used 34277K [0x00000000e0000000, 0x00000000eda80000, 0x0000000100000000)
  eden space 135680K, 0% used [0x00000000e0000000,0x00000000e0000000,0x00000000e8480000)
  from space 34304K, 99% used [0x00000000eb900000,0x00000000eda79448,0x00000000eda80000)
  to   space 44032K, 0% used [0x00000000e8480000,0x00000000e8480000,0x00000000eaf80000)
 ParOldGen       total 113152K, used 41160K [0x00000000a0000000, 0x00000000a6e80000, 0x00000000e0000000)
  object space 113152K, 36% used [0x00000000a0000000,0x00000000a28321e8,0x00000000a6e80000)
 Metaspace       used 49788K, capacity 50666K, committed 50816K, reserved 1093632K
  class space    used 6040K, capacity 6260K, committed 6272K, reserved 1048576K
}
Event: 16.836 GC heap before
{Heap before GC invocations=14 (full 3):
 PSYoungGen      total 169984K, used 169957K [0x00000000e0000000, 0x00000000eda80000, 0x0000000100000000)
  eden space 135680K, 100% used [0x00000000e0000000,0x00000000e8480000,0x00000000e8480000)
  from space 34304K, 99% used [0x00000000eb900000,0x00000000eda79448,0x00000000eda80000)
  to   space 44032K, 0% used [0x00000000e8480000,0x00000000e8480000,0x00000000eaf80000)
 ParOldGen       total 113152K, used 41160K [0x00000000a0000000, 0x00000000a6e80000, 0x00000000e0000000)
  object space 113152K, 36% used [0x00000000a0000000,0x00000000a28321e8,0x00000000a6e80000)
 Metaspace       used 51697K, capacity 52580K, committed 52864K, reserved 1095680K
  class space    used 6194K, capacity 6411K, committed 6528K, reserved 1048576K
Event: 16.922 GC heap after
Heap after GC invocations=14 (full 3):
 PSYoungGen      total 179712K, used 36903K [0x00000000e0000000, 0x00000000f0780000, 0x0000000100000000)
  eden space 135680K, 0% used [0x00000000e0000000,0x00000000e0000000,0x00000000e8480000)
  from space 44032K, 83% used [0x00000000e8480000,0x00000000ea889e58,0x00000000eaf80000)
  to   space 48640K, 0% used [0x00000000ed800000,0x00000000ed800000,0x00000000f0780000)
 ParOldGen       total 113152K, used 48320K [0x00000000a0000000, 0x00000000a6e80000, 0x00000000e0000000)
  object space 113152K, 42% used [0x00000000a0000000,0x00000000a2f30160,0x00000000a6e80000)
 Metaspace       used 51697K, capacity 52580K, committed 52864K, reserved 1095680K
  class space    used 6194K, capacity 6411K, committed 6528K, reserved 1048576K
}
Event: 19.952 GC heap before
{Heap before GC invocations=15 (full 3):
 PSYoungGen      total 179712K, used 172583K [0x00000000e0000000, 0x00000000f0780000, 0x0000000100000000)
  eden space 135680K, 100% used [0x00000000e0000000,0x00000000e8480000,0x00000000e8480000)
  from space 44032K, 83% used [0x00000000e8480000,0x00000000ea889e58,0x00000000eaf80000)
  to   space 48640K, 0% used [0x00000000ed800000,0x00000000ed800000,0x00000000f0780000)
 ParOldGen       total 113152K, used 48320K [0x00000000a0000000, 0x00000000a6e80000, 0x00000000e0000000)
  object space 113152K, 42% used [0x00000000a0000000,0x00000000a2f30160,0x00000000a6e80000)
 Metaspace       used 52035K, capacity 52944K, committed 53120K, reserved 1095680K
  class space    used 6206K, capacity 6445K, committed 6528K, reserved 1048576K
Event: 20.037 GC heap after
Heap after GC invocations=15 (full 3):
 PSYoungGen      total 216576K, used 39816K [0x00000000e0000000, 0x00000000f1100000, 0x0000000100000000)
  eden space 167936K, 0% used [0x00000000e0000000,0x00000000e0000000,0x00000000ea400000)
  from space 48640K, 81% used [0x00000000ed800000,0x00000000efee22d0,0x00000000f0780000)
  to   space 53248K, 0% used [0x00000000ea400000,0x00000000ea400000,0x00000000ed800000)
 ParOldGen       total 113152K, used 48328K [0x00000000a0000000, 0x00000000a6e80000, 0x00000000e0000000)
  object space 113152K, 42% used [0x00000000a0000000,0x00000000a2f32160,0x00000000a6e80000)
 Metaspace       used 52035K, capacity 52944K, committed 53120K, reserved 1095680K
  class space    used 6206K, capacity 6445K, committed 6528K, reserved 1048576K
}
Event: 140.798 GC heap before
{Heap before GC invocations=16 (full 3):
 PSYoungGen      total 216576K, used 207752K [0x00000000e0000000, 0x00000000f1100000, 0x0000000100000000)
  eden space 167936K, 100% used [0x00000000e0000000,0x00000000ea400000,0x00000000ea400000)
  from space 48640K, 81% used [0x00000000ed800000,0x00000000efee22d0,0x00000000f0780000)
  to   space 53248K, 0% used [0x00000000ea400000,0x00000000ea400000,0x00000000ed800000)
 ParOldGen       total 113152K, used 48328K [0x00000000a0000000, 0x00000000a6e80000, 0x00000000e0000000)
  object space 113152K, 42% used [0x00000000a0000000,0x00000000a2f32160,0x00000000a6e80000)
 Metaspace       used 52956K, capacity 54226K, committed 54528K, reserved 1097728K
  class space    used 6303K, capacity 6594K, committed 6656K, reserved 1048576K

