# JRE version: OpenJDK Runtime Environment (8.0_152-b01) (build 1.8.0_152-release-915-b01)
# Java VM: OpenJDK 64-Bit Server VM (25.152-b01 mixed mode linux-amd64 compressed oops)
Heap:
 PSYoungGen      total 450048K, used 382693K [0x00000000e0000000, 0x00000000ffd00000, 0x0000000100000000)
  eden space 382976K, 99% used [0x00000000e0000000,0x00000000f75a1598,0x00000000f7600000)
  from space 67072K, 0% used [0x00000000fbb80000,0x00000000fbb98000,0x00000000ffd00000)
  to   space 69120K, 15% used [0x00000000f7600000,0x00000000f8062030,0x00000000fb980000)
 ParOldGen       total 215552K, used 186823K [0x00000000a0000000, 0x00000000ad280000, 0x00000000e0000000)
  object space 215552K, 86% used [0x00000000a0000000,0x00000000ab671f88,0x00000000ad280000)
 Metaspace       used 102906K, capacity 115952K, committed 116056K, reserved 1148928K
  class space    used 13026K, capacity 16185K, committed 16256K, reserved 1048576K
GC Heap History (10 events):
Event: 26037.987 GC heap after
Heap after GC invocations=143 (full 11):
 PSYoungGen      total 445440K, used 32454K [0x00000000e0000000, 0x0000000100000000, 0x0000000100000000)
  eden space 375808K, 0% used [0x00000000e0000000,0x00000000e0000000,0x00000000f6f00000)
  from space 69632K, 46% used [0x00000000fbc00000,0x00000000fdbb19a8,0x0000000100000000)
  to   space 74240K, 0% used [0x00000000f6f00000,0x00000000f6f00000,0x00000000fb780000)
 ParOldGen       total 215552K, used 181024K [0x00000000a0000000, 0x00000000ad280000, 0x00000000e0000000)
  object space 215552K, 83% used [0x00000000a0000000,0x00000000ab0c82d8,0x00000000ad280000)
 Metaspace       used 102523K, capacity 115334K, committed 115416K, reserved 1148928K
  class space    used 12966K, capacity 16086K, committed 16128K, reserved 1048576K
}
Event: 26041.335 GC heap before
{Heap before GC invocations=144 (full 11):
 PSYoungGen      total 445440K, used 407757K [0x00000000e0000000, 0x0000000100000000, 0x0000000100000000)
  eden space 375808K, 99% used [0x00000000e0000000,0x00000000f6e81d90,0x00000000f6f00000)
  from space 69632K, 46% used [0x00000000fbc00000,0x00000000fdbb19a8,0x0000000100000000)
  to   space 74240K, 0% used [0x00000000f6f00000,0x00000000f6f00000,0x00000000fb780000)
 ParOldGen       total 215552K, used 181024K [0x00000000a0000000, 0x00000000ad280000, 0x00000000e0000000)
  object space 215552K, 83% used [0x00000000a0000000,0x00000000ab0c82d8,0x00000000ad280000)
 Metaspace       used 102796K, capacity 115766K, committed 116056K, reserved 1148928K
  class space    used 13008K, capacity 16134K, committed 16256K, reserved 1048576K
Event: 26041.343 GC heap after
Heap after GC invocations=144 (full 11):
 PSYoungGen      total 450048K, used 2697K [0x00000000e0000000, 0x0000000100000000, 0x0000000100000000)
  eden space 375808K, 0% used [0x00000000e0000000,0x00000000e0000000,0x00000000f6f00000)
  from space 74240K, 3% used [0x00000000f6f00000,0x00000000f71a24b8,0x00000000fb780000)
  to   space 73728K, 0% used [0x00000000fb800000,0x00000000fb800000,0x0000000100000000)
 ParOldGen       total 215552K, used 181152K [0x00000000a0000000, 0x00000000ad280000, 0x00000000e0000000)
  object space 215552K, 84% used [0x00000000a0000000,0x00000000ab0e82e8,0x00000000ad280000)
 Metaspace       used 102796K, capacity 115766K, committed 116056K, reserved 1148928K
  class space    used 13008K, capacity 16134K, committed 16256K, reserved 1048576K
}
Event: 26041.794 GC heap before
{Heap before GC invocations=145 (full 11):
 PSYoungGen      total 450048K, used 378195K [0x00000000e0000000, 0x0000000100000000, 0x0000000100000000)
  eden space 375808K, 99% used [0x00000000e0000000,0x00000000f6eb2b08,0x00000000f6f00000)
  from space 74240K, 3% used [0x00000000f6f00000,0x00000000f71a24b8,0x00000000fb780000)
  to   space 73728K, 0% used [0x00000000fb800000,0x00000000fb800000,0x0000000100000000)
 ParOldGen       total 215552K, used 181152K [0x00000000a0000000, 0x00000000ad280000, 0x00000000e0000000)
  object space 215552K, 84% used [0x00000000a0000000,0x00000000ab0e82e8,0x00000000ad280000)
 Metaspace       used 102814K, capacity 115784K, committed 116056K, reserved 1148928K
  class space    used 13010K, capacity 16137K, committed 16256K, reserved 1048576K
Event: 26041.802 GC heap after
Heap after GC invocations=145 (full 11):
 PSYoungGen      total 444416K, used 14396K [0x00000000e0000000, 0x00000000ffa80000, 0x0000000100000000)
  eden space 376320K, 0% used [0x00000000e0000000,0x00000000e0000000,0x00000000f6f80000)
  from space 68096K, 21% used [0x00000000fb800000,0x00000000fc60f3a8,0x00000000ffa80000)
  to   space 71168K, 0% used [0x00000000f6f80000,0x00000000f6f80000,0x00000000fb500000)
 ParOldGen       total 215552K, used 181328K [0x00000000a0000000, 0x00000000ad280000, 0x00000000e0000000)
  object space 215552K, 84% used [0x00000000a0000000,0x00000000ab1142e8,0x00000000ad280000)
 Metaspace       used 102814K, capacity 115784K, committed 116056K, reserved 1148928K
  class space    used 13010K, capacity 16137K, committed 16256K, reserved 1048576K
}
Event: 26041.857 GC heap before
{Heap before GC invocations=146 (full 11):
 PSYoungGen      total 444416K, used 390076K [0x00000000e0000000, 0x00000000ffa80000, 0x0000000100000000)
  eden space 376320K, 99% used [0x00000000e0000000,0x00000000f6ee0008,0x00000000f6f80000)
  from space 68096K, 21% used [0x00000000fb800000,0x00000000fc60f3a8,0x00000000ffa80000)
  to   space 71168K, 0% used [0x00000000f6f80000,0x00000000f6f80000,0x00000000fb500000)
 ParOldGen       total 215552K, used 181328K [0x00000000a0000000, 0x00000000ad280000, 0x00000000e0000000)
  object space 215552K, 84% used [0x00000000a0000000,0x00000000ab1142e8,0x00000000ad280000)
 Metaspace       used 102814K, capacity 115784K, committed 116056K, reserved 1148928K
  class space    used 13010K, capacity 16137K, committed 16256K, reserved 1048576K
Event: 26041.886 GC heap after
Heap after GC invocations=146 (full 11):
 PSYoungGen      total 447488K, used 96K [0x00000000e0000000, 0x0000000100000000, 0x0000000100000000)
  eden space 376320K, 0% used [0x00000000e0000000,0x00000000e0000000,0x00000000f6f80000)
  from space 71168K, 0% used [0x00000000f6f80000,0x00000000f6f98000,0x00000000fb500000)
  to   space 70144K, 0% used [0x00000000fbb80000,0x00000000fbb80000,0x0000000100000000)
 ParOldGen       total 215552K, used 186751K [0x00000000a0000000, 0x00000000ad280000, 0x00000000e0000000)
  object space 215552K, 86% used [0x00000000a0000000,0x00000000ab65ff88,0x00000000ad280000)
 Metaspace       used 102814K, capacity 115784K, committed 116056K, reserved 1148928K
  class space    used 13010K, capacity 16137K, committed 16256K, reserved 1048576K
}
Event: 26041.952 GC heap before
{Heap before GC invocations=147 (full 11):
 PSYoungGen      total 447488K, used 375682K [0x00000000e0000000, 0x0000000100000000, 0x0000000100000000)
  eden space 376320K, 99% used [0x00000000e0000000,0x00000000f6ec8b20,0x00000000f6f80000)
  from space 71168K, 0% used [0x00000000f6f80000,0x00000000f6f98000,0x00000000fb500000)
  to   space 70144K, 0% used [0x00000000fbb80000,0x00000000fbb80000,0x0000000100000000)
 ParOldGen       total 215552K, used 186751K [0x00000000a0000000, 0x00000000ad280000, 0x00000000e0000000)
  object space 215552K, 86% used [0x00000000a0000000,0x00000000ab65ff88,0x00000000ad280000)
 Metaspace       used 102814K, capacity 115784K, committed 116056K, reserved 1148928K
  class space    used 13010K, capacity 16137K, committed 16256K, reserved 1048576K
Event: 26041.960 GC heap after
Heap after GC invocations=147 (full 11):
 PSYoungGen      total 450048K, used 96K [0x00000000e0000000, 0x00000000ffd00000, 0x0000000100000000)
  eden space 382976K, 0% used [0x00000000e0000000,0x00000000e0000000,0x00000000f7600000)
  from space 67072K, 0% used [0x00000000fbb80000,0x00000000fbb98000,0x00000000ffd00000)
  to   space 69120K, 0% used [0x00000000f7600000,0x00000000f7600000,0x00000000fb980000)
 ParOldGen       total 215552K, used 186791K [0x00000000a0000000, 0x00000000ad280000, 0x00000000e0000000)
  object space 215552K, 86% used [0x00000000a0000000,0x00000000ab669f88,0x00000000ad280000)
 Metaspace       used 102814K, capacity 115784K, committed 116056K, reserved 1148928K
  class space    used 13010K, capacity 16137K, committed 16256K, reserved 1048576K
}
Event: 26089.736 GC heap before
{Heap before GC invocations=148 (full 11):
 PSYoungGen      total 450048K, used 382693K [0x00000000e0000000, 0x00000000ffd00000, 0x0000000100000000)
  eden space 382976K, 99% used [0x00000000e0000000,0x00000000f75a1598,0x00000000f7600000)
  from space 67072K, 0% used [0x00000000fbb80000,0x00000000fbb98000,0x00000000ffd00000)
  to   space 69120K, 0% used [0x00000000f7600000,0x00000000f7600000,0x00000000fb980000)
 ParOldGen       total 215552K, used 186791K [0x00000000a0000000, 0x00000000ad280000, 0x00000000e0000000)
  object space 215552K, 86% used [0x00000000a0000000,0x00000000ab669f88,0x00000000ad280000)
 Metaspace       used 102906K, capacity 115952K, committed 116056K, reserved 1148928K
  class space    used 13026K, capacity 16185K, committed 16256K, reserved 1048576K

